[ INFO : 2022-06-05 11:03:35,584 ] - Adam (
Parameter Group 0
    amsgrad: False
    betas: (0.9, 0.999)
    eps: 1e-08
    initial_lr: 0.001
    lr: 0.001
    weight_decay: 1e-05
)
[ INFO : 2022-06-05 11:04:05,009 ] - Adam (
Parameter Group 0
    amsgrad: False
    betas: (0.9, 0.999)
    eps: 1e-08
    initial_lr: 0.001
    lr: 0.001
    weight_decay: 1e-05
)
[ INFO : 2022-06-05 11:04:12,010 ] - Adam (
Parameter Group 0
    amsgrad: False
    betas: (0.9, 0.999)
    eps: 1e-08
    initial_lr: 0.001
    lr: 0.001
    weight_decay: 1e-05
)
[ INFO : 2022-06-05 11:04:12,010 ] - Adam (
Parameter Group 0
    amsgrad: False
    betas: (0.9, 0.999)
    eps: 1e-08
    initial_lr: 0.001
    lr: 0.001
    weight_decay: 1e-05
)
[ INFO : 2022-06-05 11:04:48,366 ] - Adam (
Parameter Group 0
    amsgrad: False
    betas: (0.9, 0.999)
    eps: 1e-08
    initial_lr: 0.001
    lr: 0.001
    weight_decay: 1e-05
)
[ INFO : 2022-06-05 11:04:54,965 ] - Adam (
Parameter Group 0
    amsgrad: False
    betas: (0.9, 0.999)
    eps: 1e-08
    initial_lr: 0.001
    lr: 0.001
    weight_decay: 1e-05
)
[ INFO : 2022-06-05 11:04:54,965 ] - Adam (
Parameter Group 0
    amsgrad: False
    betas: (0.9, 0.999)
    eps: 1e-08
    initial_lr: 0.001
    lr: 0.001
    weight_decay: 1e-05
)
